0 info it worked if it ends with ok
1 verbose cli [ 'A:\\Shaohao-Station\\nodejs\\\\node.exe',
1 verbose cli   'A:\\Shaohao-Station\\nodejs\\node_modules\\npm\\bin\\npm-cli.js',
1 verbose cli   'run',
1 verbose cli   'tsc' ]
2 info using npm@2.9.1
3 info using node@v0.12.3
4 verbose node symlink A:\Shaohao-Station\nodejs\\node.exe
5 verbose run-script [ 'pretsc', 'tsc', 'posttsc' ]
6 info pretsc angular2-quickstart@1.0.0
7 info tsc angular2-quickstart@1.0.0
8 verbose unsafe-perm in lifecycle true
9 info angular2-quickstart@1.0.0 Failed to exec tsc script
10 verbose stack Error: angular2-quickstart@1.0.0 tsc: `tsc`
10 verbose stack Exit status 2
10 verbose stack     at EventEmitter.<anonymous> (A:\Shaohao-Station\nodejs\node_modules\npm\lib\utils\lifecycle.js:213:16)
10 verbose stack     at EventEmitter.emit (events.js:110:17)
10 verbose stack     at ChildProcess.<anonymous> (A:\Shaohao-Station\nodejs\node_modules\npm\lib\utils\spawn.js:24:14)
10 verbose stack     at ChildProcess.emit (events.js:110:17)
10 verbose stack     at maybeClose (child_process.js:1015:16)
10 verbose stack     at Process.ChildProcess._handle.onexit (child_process.js:1087:5)
11 verbose pkgid angular2-quickstart@1.0.0
12 verbose cwd A:\Shaohao-Station\my-angular2-quickstart
13 error Windows_NT 6.1.7601
14 error argv "A:\\Shaohao-Station\\nodejs\\\\node.exe" "A:\\Shaohao-Station\\nodejs\\node_modules\\npm\\bin\\npm-cli.js" "run" "tsc"
15 error node v0.12.3
16 error npm  v2.9.1
17 error code ELIFECYCLE
18 error angular2-quickstart@1.0.0 tsc: `tsc`
18 error Exit status 2
19 error Failed at the angular2-quickstart@1.0.0 tsc script 'tsc'.
19 error This is most likely a problem with the angular2-quickstart package,
19 error not with npm itself.
19 error Tell the author that this fails on your system:
19 error     tsc
19 error You can get their info via:
19 error     npm owner ls angular2-quickstart
19 error There is likely additional logging output above.
20 verbose exit [ 1, true ]
